2026-01-02 19:36:22,569 - INFO - Using device: cuda, Num GPUs: 1
2026-01-02 19:36:22,569 - INFO - Loading dataset from /root/autodl-tmp/connect6_blog/connect6/supervised_learning/data/processed/connect6_cleaned.csv...
2026-01-02 19:36:22,617 - INFO - Dataset loaded. Steps per epoch: 33
2026-01-02 19:36:23,466 - INFO - Start Training...
2026-01-02 19:36:29,421 - INFO - Epoch 1 | Loss: 8.2245 | Move1 Acc: 16.59% | Move2 Acc: 7.06% | Time: 6.0s
2026-01-02 19:36:34,902 - INFO - Epoch 2 | Loss: 6.4231 | Move1 Acc: 31.18% | Move2 Acc: 15.29% | Time: 5.1s
2026-01-02 19:36:40,403 - INFO - Epoch 3 | Loss: 5.8612 | Move1 Acc: 35.41% | Move2 Acc: 17.46% | Time: 5.1s
2026-01-02 19:36:45,903 - INFO - Epoch 4 | Loss: 5.5522 | Move1 Acc: 39.07% | Move2 Acc: 18.35% | Time: 5.1s
2026-01-02 19:36:51,437 - INFO - Epoch 5 | Loss: 5.3798 | Move1 Acc: 40.56% | Move2 Acc: 18.91% | Time: 5.1s
2026-01-02 19:36:57,033 - INFO - Epoch 6 | Loss: 5.3108 | Move1 Acc: 41.29% | Move2 Acc: 18.70% | Time: 5.1s
2026-01-02 19:37:02,553 - INFO - Epoch 7 | Loss: 5.2137 | Move1 Acc: 40.75% | Move2 Acc: 20.50% | Time: 5.1s
2026-01-02 19:37:08,020 - INFO - Epoch 8 | Loss: 5.2009 | Move1 Acc: 41.40% | Move2 Acc: 19.30% | Time: 5.2s
2026-01-02 19:37:13,558 - INFO - Epoch 9 | Loss: 5.0662 | Move1 Acc: 42.62% | Move2 Acc: 20.78% | Time: 5.1s
2026-01-02 19:37:18,930 - INFO - Epoch 10 | Loss: 5.0377 | Move1 Acc: 43.08% | Move2 Acc: 20.77% | Time: 5.1s
2026-01-02 19:37:24,552 - INFO - Epoch 11 | Loss: 5.0157 | Move1 Acc: 43.93% | Move2 Acc: 21.06% | Time: 5.1s
2026-01-02 19:37:30,050 - INFO - Epoch 12 | Loss: 4.9491 | Move1 Acc: 44.24% | Move2 Acc: 21.67% | Time: 5.1s
2026-01-02 19:37:35,561 - INFO - Epoch 13 | Loss: 4.8914 | Move1 Acc: 44.02% | Move2 Acc: 22.06% | Time: 5.2s
2026-01-02 19:37:40,990 - INFO - Epoch 14 | Loss: 4.8782 | Move1 Acc: 43.73% | Move2 Acc: 21.28% | Time: 5.1s
2026-01-02 19:37:46,628 - INFO - Epoch 15 | Loss: 4.8531 | Move1 Acc: 43.47% | Move2 Acc: 23.06% | Time: 5.1s
2026-01-02 19:37:52,225 - INFO - Epoch 16 | Loss: 4.7888 | Move1 Acc: 45.33% | Move2 Acc: 22.30% | Time: 5.1s
2026-01-02 19:37:57,833 - INFO - Epoch 17 | Loss: 4.7731 | Move1 Acc: 45.79% | Move2 Acc: 22.73% | Time: 5.1s
2026-01-02 19:38:03,386 - INFO - Epoch 18 | Loss: 4.7281 | Move1 Acc: 45.05% | Move2 Acc: 23.26% | Time: 5.1s
2026-01-02 19:38:08,793 - INFO - Epoch 19 | Loss: 4.6911 | Move1 Acc: 45.25% | Move2 Acc: 23.59% | Time: 5.1s
2026-01-02 19:38:14,436 - INFO - Epoch 20 | Loss: 4.6784 | Move1 Acc: 46.53% | Move2 Acc: 23.89% | Time: 5.2s
2026-01-02 19:38:19,938 - INFO - Epoch 21 | Loss: 4.6463 | Move1 Acc: 46.15% | Move2 Acc: 24.39% | Time: 5.1s
2026-01-02 19:38:25,518 - INFO - Epoch 22 | Loss: 4.5906 | Move1 Acc: 46.85% | Move2 Acc: 25.14% | Time: 5.2s
2026-01-02 19:38:30,982 - INFO - Epoch 23 | Loss: 4.6111 | Move1 Acc: 47.16% | Move2 Acc: 24.93% | Time: 5.1s
2026-01-02 19:38:36,606 - INFO - Epoch 24 | Loss: 4.6107 | Move1 Acc: 47.48% | Move2 Acc: 25.12% | Time: 5.1s
2026-01-02 19:38:42,228 - INFO - Epoch 25 | Loss: 4.5722 | Move1 Acc: 46.97% | Move2 Acc: 25.22% | Time: 5.1s
2026-01-02 19:38:47,892 - INFO - Epoch 26 | Loss: 4.5344 | Move1 Acc: 47.15% | Move2 Acc: 25.69% | Time: 5.1s
2026-01-02 19:38:53,526 - INFO - Epoch 27 | Loss: 4.5277 | Move1 Acc: 47.87% | Move2 Acc: 25.83% | Time: 5.1s
2026-01-02 19:38:59,166 - INFO - Epoch 28 | Loss: 4.5208 | Move1 Acc: 47.17% | Move2 Acc: 26.08% | Time: 5.2s
2026-01-02 19:39:04,813 - INFO - Epoch 29 | Loss: 4.5720 | Move1 Acc: 47.27% | Move2 Acc: 25.06% | Time: 5.1s
2026-01-02 19:39:10,286 - INFO - Epoch 30 | Loss: 4.5764 | Move1 Acc: 46.37% | Move2 Acc: 25.84% | Time: 5.1s
2026-01-02 19:39:10,743 - INFO - Training Complete!
